============================= test session starts =============================
platform win32 -- Python 3.13.7, pytest-9.0.2, pluggy-1.6.0 -- C:\Users\subka\Documents\spectral-aliasing-study\aliasing_env\Scripts\python.exe
cachedir: .pytest_cache
rootdir: C:\Users\subka\Documents\spectral-aliasing-study
plugins: anyio-4.12.1
collecting ... collected 9 items

tests/test_spectral.py::test_power_spectrum_shape PASSED                 [ 11%]
tests/test_spectral.py::test_power_spectrum_nonnegative PASSED           [ 22%]
tests/test_spectral.py::test_power_spectrum_constant_is_dc_only PASSED   [ 33%]
tests/test_spectral.py::test_radial_profile_length PASSED                [ 44%]
tests/test_spectral.py::test_radial_profile_nonnegative PASSED           [ 55%]
tests/test_spectral.py::test_radial_profile_constant_peaks_at_zero PASSED [ 66%]
tests/test_spectral.py::test_avr_constant_is_low PASSED                  [ 77%]
tests/test_spectral.py::test_avr_checkerboard_is_high PASSED             [ 88%]
tests/test_spectral.py::test_avr_range PASSED                            [100%]

============================== 9 passed in 1.28s ==============================
